<?xml version="1.0" encoding="UTF-8"?>
<testng-results skipped="0" failed="0" total="1" passed="1">
  <reporter-output>
  </reporter-output>
  <suite name="Default suite" duration-ms="3512" started-at="2021-06-21T12:13:18Z" finished-at="2021-06-21T12:13:21Z">
    <groups>
    </groups>
    <test name="Default test" duration-ms="3512" started-at="2021-06-21T12:13:18Z" finished-at="2021-06-21T12:13:21Z">
      <class name="Video_Games.games">
        <test-method status="PASS" signature="test_getGames()[pri:0, instance:Video_Games.games@4678c730]" name="test_getGames" duration-ms="3473" started-at="2021-06-21T17:43:18Z" finished-at="2021-06-21T17:43:21Z">
          <reporter-output>
          </reporter-output>
        </test-method> <!-- test_getGames -->
      </class> <!-- Video_Games.games -->
    </test> <!-- Default test -->
  </suite> <!-- Default suite -->
</testng-results>
